1548807032086	mozrunner::runner	INFO	Running command: "/Applications/Firefox.app/Contents/MacOS/firefox-bin" "-marionette" "-foreground" "-no-remote" "-profile" "/var/folders/5r/ln_bl59d4h37b4j27kr915ww0000gn/T/rust_mozprofile.UxfWnY5nU3lq"
1548807032975	addons.webextension.screenshots@mozilla.org	WARN	Loading extension 'screenshots@mozilla.org': Reading manifest: Invalid host permission: resource://pdf.js/
1548807032975	addons.webextension.screenshots@mozilla.org	WARN	Loading extension 'screenshots@mozilla.org': Reading manifest: Invalid host permission: about:reader*
Can't find symbol 'GetGraphicsResetStatus'.
1548807035070	Marionette	INFO	Listening on port 60486
1548807035077	Marionette	WARN	TLS certificate errors will be ignored for this session
Can't find symbol 'GetGraphicsResetStatus'.
JavaScript error: resource://devtools/shared/base-loader.js -> resource://devtools/client/webconsole/webconsole-output-wrapper.js, line 451: TypeError: store is null
Can't find symbol 'GetGraphicsResetStatus'.
Can't find symbol 'GetGraphicsResetStatus'.
1548808668453	Marionette	INFO	Stopped listening on port 60486
1548809609810	mozrunner::runner	INFO	Running command: "/Applications/Firefox.app/Contents/MacOS/firefox-bin" "-marionette" "-foreground" "-no-remote" "-profile" "/var/folders/5r/ln_bl59d4h37b4j27kr915ww0000gn/T/rust_mozprofile.buogZfS7OQLq"
1548809610551	addons.webextension.screenshots@mozilla.org	WARN	Loading extension 'screenshots@mozilla.org': Reading manifest: Invalid host permission: resource://pdf.js/
1548809610552	addons.webextension.screenshots@mozilla.org	WARN	Loading extension 'screenshots@mozilla.org': Reading manifest: Invalid host permission: about:reader*
Can't find symbol 'GetGraphicsResetStatus'.
1548809612449	Marionette	INFO	Listening on port 58322
1548809612461	Marionette	WARN	TLS certificate errors will be ignored for this session
Can't find symbol 'GetGraphicsResetStatus'.
console.error: BroadcastService: 
  receivedBroadcastMessage: handler for
  remote-settings/monitor_changes
  threw error:
  Message: Error: Polling for changes failed: NetworkError when attempting to fetch resource..
  Stack:
    remoteSettingsFunction/remoteSettings.pollChanges@resource://services-settings/remote-settings.js:750:13


###!!! [Child][RunMessage] Error: Channel closing: too late to send/recv, messages will be lost

1548809711820	Marionette	INFO	Stopped listening on port 58322
1548809824500	mozrunner::runner	INFO	Running command: "/Applications/Firefox.app/Contents/MacOS/firefox-bin" "-marionette" "-foreground" "-no-remote" "-profile" "/var/folders/5r/ln_bl59d4h37b4j27kr915ww0000gn/T/rust_mozprofile.qKhVKEiwe6JJ"
1548809825206	addons.webextension.screenshots@mozilla.org	WARN	Loading extension 'screenshots@mozilla.org': Reading manifest: Invalid host permission: resource://pdf.js/
1548809825206	addons.webextension.screenshots@mozilla.org	WARN	Loading extension 'screenshots@mozilla.org': Reading manifest: Invalid host permission: about:reader*
Can't find symbol 'GetGraphicsResetStatus'.
1548809827124	Marionette	INFO	Listening on port 60614
1548809827195	Marionette	WARN	TLS certificate errors will be ignored for this session
Can't find symbol 'GetGraphicsResetStatus'.

###!!! [Child][RunMessage] Error: Channel closing: too late to send/recv, messages will be lost

1548809831696	Marionette	INFO	Stopped listening on port 60614
